INFO: [VRFC 10-2263] Analyzing Verilog file "C:/Users/rahee/Documents/CPE233/CPE233/CPE233.srcs/sources_1/imports/templates/n_x_m_single_port_ram_v_1_01.v" into library xil_defaultlib
INFO: [VRFC 10-311] analyzing module ram_single_port
INFO: [VRFC 10-2263] Analyzing Verilog file "C:/Users/rahee/Documents/CPE233/CPE233/CPE233.srcs/sources_1/imports/templates/rca_nb_v1_03.v" into library xil_defaultlib
INFO: [VRFC 10-311] analyzing module rca_nb
INFO: [VRFC 10-2263] Analyzing Verilog file "C:/Users/rahee/Documents/CPE233/CPE233/CPE233.srcs/sources_1/imports/templates/reg_nb_sync_clr_v1_01.v" into library xil_defaultlib
INFO: [VRFC 10-311] analyzing module reg_nb_sclr
INFO: [VRFC 10-2263] Analyzing Verilog file "C:/Users/rahee/Documents/CPE233/CPE233/CPE233.srcs/sources_1/imports/templates/mux_2t1_nb_v1_04.v" into library xil_defaultlib
INFO: [VRFC 10-311] analyzing module mux_2t1_nb
INFO: [VRFC 10-2263] Analyzing Verilog file "C:/Users/rahee/Documents/CPE233/CPE233/CPE233.srcs/sources_1/imports/templates/exp1.v" into library xil_defaultlib
INFO: [VRFC 10-311] analyzing module exp1
INFO: [VRFC 10-2263] Analyzing Verilog file "C:/Users/rahee/Documents/CPE233/CPE233/CPE233.srcs/sources_1/imports/templates/cntr_up_clr_nb_v1_03.v" into library xil_defaultlib
INFO: [VRFC 10-311] analyzing module cntr_up_clr_nb
INFO: [VRFC 10-2263] Analyzing Verilog file "C:/Users/rahee/Documents/CPE233/CPE233/CPE233.ip_user_files/bd/exp1_ckt/ip/exp1_ckt_ram_single_port_0_0/sim/exp1_ckt_ram_single_port_0_0.v" into library xil_defaultlib
INFO: [VRFC 10-311] analyzing module exp1_ckt_ram_single_port_0_0
INFO: [VRFC 10-2263] Analyzing Verilog file "C:/Users/rahee/Documents/CPE233/CPE233/CPE233.ip_user_files/bd/exp1_ckt/ip/exp1_ckt_rca_nb_0_0/sim/exp1_ckt_rca_nb_0_0.v" into library xil_defaultlib
INFO: [VRFC 10-311] analyzing module exp1_ckt_rca_nb_0_0
INFO: [VRFC 10-2263] Analyzing Verilog file "C:/Users/rahee/Documents/CPE233/CPE233/CPE233.ip_user_files/bd/exp1_ckt/ip/exp1_ckt_reg_nb_sclr_0_0/sim/exp1_ckt_reg_nb_sclr_0_0.v" into library xil_defaultlib
INFO: [VRFC 10-311] analyzing module exp1_ckt_reg_nb_sclr_0_0
INFO: [VRFC 10-2263] Analyzing Verilog file "C:/Users/rahee/Documents/CPE233/CPE233/CPE233.ip_user_files/bd/exp1_ckt/ip/exp1_ckt_reg_nb_sclr_0_1/sim/exp1_ckt_reg_nb_sclr_0_1.v" into library xil_defaultlib
INFO: [VRFC 10-311] analyzing module exp1_ckt_reg_nb_sclr_0_1
INFO: [VRFC 10-2263] Analyzing Verilog file "C:/Users/rahee/Documents/CPE233/CPE233/CPE233.ip_user_files/bd/exp1_ckt/ip/exp1_ckt_xlconstant_0_0/sim/exp1_ckt_xlconstant_0_0.v" into library xil_defaultlib
INFO: [VRFC 10-311] analyzing module exp1_ckt_xlconstant_0_0
INFO: [VRFC 10-2263] Analyzing Verilog file "C:/Users/rahee/Documents/CPE233/CPE233/CPE233.ip_user_files/bd/exp1_ckt/ip/exp1_ckt_xlslice_0_0/sim/exp1_ckt_xlslice_0_0.v" into library xil_defaultlib
INFO: [VRFC 10-311] analyzing module exp1_ckt_xlslice_0_0
INFO: [VRFC 10-2263] Analyzing Verilog file "C:/Users/rahee/Documents/CPE233/CPE233/CPE233.ip_user_files/bd/exp1_ckt/ip/exp1_ckt_mux_2t1_nb_0_1/sim/exp1_ckt_mux_2t1_nb_0_1.v" into library xil_defaultlib
INFO: [VRFC 10-311] analyzing module exp1_ckt_mux_2t1_nb_0_1
INFO: [VRFC 10-2263] Analyzing Verilog file "C:/Users/rahee/Documents/CPE233/CPE233/CPE233.ip_user_files/bd/exp1_ckt/ip/exp1_ckt_clk_wiz_0/exp1_ckt_clk_wiz_0_clk_wiz.v" into library xil_defaultlib
INFO: [VRFC 10-311] analyzing module exp1_ckt_clk_wiz_0_clk_wiz
INFO: [VRFC 10-2263] Analyzing Verilog file "C:/Users/rahee/Documents/CPE233/CPE233/CPE233.ip_user_files/bd/exp1_ckt/ip/exp1_ckt_clk_wiz_0/exp1_ckt_clk_wiz_0.v" into library xil_defaultlib
INFO: [VRFC 10-311] analyzing module exp1_ckt_clk_wiz_0
INFO: [VRFC 10-2263] Analyzing Verilog file "C:/Users/rahee/Documents/CPE233/CPE233/CPE233.ip_user_files/bd/exp1_ckt/ip/exp1_ckt_mux_2t1_nb_0_2/sim/exp1_ckt_mux_2t1_nb_0_2.v" into library xil_defaultlib
INFO: [VRFC 10-311] analyzing module exp1_ckt_mux_2t1_nb_0_2
INFO: [VRFC 10-2263] Analyzing Verilog file "C:/Users/rahee/Documents/CPE233/CPE233/CPE233.ip_user_files/bd/exp1_ckt/ip/exp1_ckt_xlconstant_0_1/sim/exp1_ckt_xlconstant_0_1.v" into library xil_defaultlib
INFO: [VRFC 10-311] analyzing module exp1_ckt_xlconstant_0_1
INFO: [VRFC 10-2263] Analyzing Verilog file "C:/Users/rahee/Documents/CPE233/CPE233/CPE233.ip_user_files/bd/exp1_ckt/ip/exp1_ckt_xlconstant_0_2/sim/exp1_ckt_xlconstant_0_2.v" into library xil_defaultlib
INFO: [VRFC 10-311] analyzing module exp1_ckt_xlconstant_0_2
INFO: [VRFC 10-2263] Analyzing Verilog file "C:/Users/rahee/Documents/CPE233/CPE233/CPE233.ip_user_files/bd/exp1_ckt/ip/exp1_ckt_util_vector_logic_0_0/sim/exp1_ckt_util_vector_logic_0_0.v" into library xil_defaultlib
INFO: [VRFC 10-311] analyzing module exp1_ckt_util_vector_logic_0_0
INFO: [VRFC 10-2263] Analyzing Verilog file "C:/Users/rahee/Documents/CPE233/CPE233/CPE233.ip_user_files/bd/exp1_ckt/ip/exp1_ckt_exp1_0_0/sim/exp1_ckt_exp1_0_0.v" into library xil_defaultlib
INFO: [VRFC 10-311] analyzing module exp1_ckt_exp1_0_0
INFO: [VRFC 10-2263] Analyzing Verilog file "C:/Users/rahee/Documents/CPE233/CPE233/CPE233.ip_user_files/bd/exp1_ckt/ip/exp1_ckt_xlconstant_1_0/sim/exp1_ckt_xlconstant_1_0.v" into library xil_defaultlib
INFO: [VRFC 10-311] analyzing module exp1_ckt_xlconstant_1_0
INFO: [VRFC 10-2263] Analyzing Verilog file "C:/Users/rahee/Documents/CPE233/CPE233/CPE233.ip_user_files/bd/exp1_ckt/ip/exp1_ckt_cntr_up_clr_nb_0_0/sim/exp1_ckt_cntr_up_clr_nb_0_0.v" into library xil_defaultlib
INFO: [VRFC 10-311] analyzing module exp1_ckt_cntr_up_clr_nb_0_0
INFO: [VRFC 10-2263] Analyzing Verilog file "C:/Users/rahee/Documents/CPE233/CPE233/CPE233.ip_user_files/bd/exp1_ckt/sim/exp1_ckt.v" into library xil_defaultlib
INFO: [VRFC 10-311] analyzing module exp1_ckt
INFO: [VRFC 10-2263] Analyzing Verilog file "C:/Users/rahee/Documents/CPE233/CPE233/CPE233.gen/sources_1/bd/exp1_ckt/hdl/exp1_ckt_wrapper.v" into library xil_defaultlib
INFO: [VRFC 10-311] analyzing module exp1_ckt_wrapper
