
*** Running vivado
    with args -log exp1.vds -m64 -product Vivado -mode batch -messageDb vivado.pb -notrace -source exp1.tcl



****** Vivado v2021.2 (64-bit)
  **** SW Build 3367213 on Tue Oct 19 02:48:09 MDT 2021
  **** IP Build 3369179 on Thu Oct 21 08:25:16 MDT 2021
    ** Copyright 1986-2021 Xilinx, Inc. All Rights Reserved.

source exp1.tcl -notrace
Command: read_checkpoint -auto_incremental -incremental C:/Users/rahee/Documents/CPE233/CPE233/CPE233.srcs/utils_1/imports/synth_1/exp1.dcp
INFO: [Vivado 12-5825] Read reference checkpoint from C:/Users/rahee/Documents/CPE233/CPE233/CPE233.srcs/utils_1/imports/synth_1/exp1.dcp for incremental synthesis
INFO: [Vivado 12-7989] Please ensure there are no constraint changes
Command: synth_design -top exp1 -part xc7a35tcpg236-1
Starting synth_design
Attempting to get a license for feature 'Synthesis' and/or device 'xc7a35t'
INFO: [Common 17-349] Got license for feature 'Synthesis' and/or device 'xc7a35t'
INFO: [Device 21-403] Loading part xc7a35tcpg236-1
WARNING: [Designutils 20-4072] Reference run did not run incremental synthesis because the design is too small; reverting to default synthesis
INFO: [Designutils 20-4379] Flow is switching to default flow due to incremental criteria not met. If you would like to alter this behaviour and have the flow terminate instead, please set the following parameter config_implementation {autoIncr.Synth.RejectBehavior Terminate}
INFO: [Synth 8-7079] Multithreading enabled for synth_design using a maximum of 2 processes.
INFO: [Synth 8-7078] Launching helper process for spawning children vivado processes
INFO: [Synth 8-7075] Helper process launched with PID 56288
---------------------------------------------------------------------------------
Starting RTL Elaboration : Time (s): cpu = 00:00:04 ; elapsed = 00:00:04 . Memory (MB): peak = 1260.230 ; gain = 0.000
---------------------------------------------------------------------------------
INFO: [Synth 8-6157] synthesizing module 'exp1' [C:/Users/rahee/Documents/CPE233/CPE233/CPE233.srcs/sources_1/imports/templates/exp1.v:23]
INFO: [Synth 8-6157] synthesizing module 'univ_sseg' [C:/Users/rahee/Documents/CPE233/CPE233/CPE233.srcs/sources_1/imports/templates/univ_sseg_v1_05.v:82]
INFO: [Synth 8-6157] synthesizing module 'cnt_convert_14b' [C:/Users/rahee/Documents/CPE233/CPE233/CPE233.srcs/sources_1/imports/templates/univ_sseg_v1_05.v:275]
INFO: [Synth 8-226] default block is never used [C:/Users/rahee/Documents/CPE233/CPE233/CPE233.srcs/sources_1/imports/templates/univ_sseg_v1_05.v:294]
INFO: [Synth 8-6155] done synthesizing module 'cnt_convert_14b' (1#1) [C:/Users/rahee/Documents/CPE233/CPE233/CPE233.srcs/sources_1/imports/templates/univ_sseg_v1_05.v:275]
INFO: [Synth 8-6157] synthesizing module 'cnt_convert_7b' [C:/Users/rahee/Documents/CPE233/CPE233/CPE233.srcs/sources_1/imports/templates/univ_sseg_v1_05.v:373]
WARNING: [Synth 8-3936] Found unconnected internal register 'cnt_new_w_reg' and it is trimmed from '8' to '4' bits. [C:/Users/rahee/Documents/CPE233/CPE233/CPE233.srcs/sources_1/imports/templates/univ_sseg_v1_05.v:391]
INFO: [Synth 8-6155] done synthesizing module 'cnt_convert_7b' (2#1) [C:/Users/rahee/Documents/CPE233/CPE233/CPE233.srcs/sources_1/imports/templates/univ_sseg_v1_05.v:373]
INFO: [Synth 8-6157] synthesizing module 'clk_divder' [C:/Users/rahee/Documents/CPE233/CPE233/CPE233.srcs/sources_1/imports/templates/univ_sseg_v1_05.v:258]
INFO: [Synth 8-6155] done synthesizing module 'clk_divder' (3#1) [C:/Users/rahee/Documents/CPE233/CPE233/CPE233.srcs/sources_1/imports/templates/univ_sseg_v1_05.v:258]
INFO: [Synth 8-226] default block is never used [C:/Users/rahee/Documents/CPE233/CPE233/CPE233.srcs/sources_1/imports/templates/univ_sseg_v1_05.v:129]
INFO: [Synth 8-226] default block is never used [C:/Users/rahee/Documents/CPE233/CPE233/CPE233.srcs/sources_1/imports/templates/univ_sseg_v1_05.v:145]
INFO: [Synth 8-226] default block is never used [C:/Users/rahee/Documents/CPE233/CPE233/CPE233.srcs/sources_1/imports/templates/univ_sseg_v1_05.v:157]
INFO: [Synth 8-226] default block is never used [C:/Users/rahee/Documents/CPE233/CPE233/CPE233.srcs/sources_1/imports/templates/univ_sseg_v1_05.v:169]
INFO: [Synth 8-226] default block is never used [C:/Users/rahee/Documents/CPE233/CPE233/CPE233.srcs/sources_1/imports/templates/univ_sseg_v1_05.v:181]
INFO: [Synth 8-226] default block is never used [C:/Users/rahee/Documents/CPE233/CPE233/CPE233.srcs/sources_1/imports/templates/univ_sseg_v1_05.v:193]
INFO: [Synth 8-6155] done synthesizing module 'univ_sseg' (4#1) [C:/Users/rahee/Documents/CPE233/CPE233/CPE233.srcs/sources_1/imports/templates/univ_sseg_v1_05.v:82]
INFO: [Synth 8-6155] done synthesizing module 'exp1' (5#1) [C:/Users/rahee/Documents/CPE233/CPE233/CPE233.srcs/sources_1/imports/templates/exp1.v:23]
---------------------------------------------------------------------------------
Finished RTL Elaboration : Time (s): cpu = 00:00:05 ; elapsed = 00:00:05 . Memory (MB): peak = 1260.230 ; gain = 0.000
---------------------------------------------------------------------------------
---------------------------------------------------------------------------------
Start Handling Custom Attributes
---------------------------------------------------------------------------------
---------------------------------------------------------------------------------
Finished Handling Custom Attributes : Time (s): cpu = 00:00:05 ; elapsed = 00:00:06 . Memory (MB): peak = 1260.230 ; gain = 0.000
---------------------------------------------------------------------------------
---------------------------------------------------------------------------------
Finished RTL Optimization Phase 1 : Time (s): cpu = 00:00:05 ; elapsed = 00:00:06 . Memory (MB): peak = 1260.230 ; gain = 0.000
---------------------------------------------------------------------------------
Netlist sorting complete. Time (s): cpu = 00:00:00 ; elapsed = 00:00:00.005 . Memory (MB): peak = 1260.230 ; gain = 0.000
INFO: [Project 1-570] Preparing netlist for logic optimization

Processing XDC Constraints
Initializing timing engine
Parsing XDC File [C:/Users/rahee/Documents/CPE233/CPE233/CPE233.srcs/constrs_1/imports/templates/Basys3_Master.xdc]
WARNING: [Vivado 12-584] No ports matched 'sseg[0]'. [C:/Users/rahee/Documents/CPE233/CPE233/CPE233.srcs/constrs_1/imports/templates/Basys3_Master.xdc:82]
CRITICAL WARNING: [Common 17-55] 'set_property' expects at least one object. [C:/Users/rahee/Documents/CPE233/CPE233/CPE233.srcs/constrs_1/imports/templates/Basys3_Master.xdc:82]
Resolution: If [get_<value>] was used to populate the object, check to make sure this command returns at least one valid object.
WARNING: [Vivado 12-584] No ports matched 'sseg[0]'. [C:/Users/rahee/Documents/CPE233/CPE233/CPE233.srcs/constrs_1/imports/templates/Basys3_Master.xdc:83]
CRITICAL WARNING: [Common 17-55] 'set_property' expects at least one object. [C:/Users/rahee/Documents/CPE233/CPE233/CPE233.srcs/constrs_1/imports/templates/Basys3_Master.xdc:83]
Resolution: If [get_<value>] was used to populate the object, check to make sure this command returns at least one valid object.
WARNING: [Vivado 12-584] No ports matched 'sseg[1]'. [C:/Users/rahee/Documents/CPE233/CPE233/CPE233.srcs/constrs_1/imports/templates/Basys3_Master.xdc:84]
CRITICAL WARNING: [Common 17-55] 'set_property' expects at least one object. [C:/Users/rahee/Documents/CPE233/CPE233/CPE233.srcs/constrs_1/imports/templates/Basys3_Master.xdc:84]
Resolution: If [get_<value>] was used to populate the object, check to make sure this command returns at least one valid object.
WARNING: [Vivado 12-584] No ports matched 'sseg[1]'. [C:/Users/rahee/Documents/CPE233/CPE233/CPE233.srcs/constrs_1/imports/templates/Basys3_Master.xdc:85]
CRITICAL WARNING: [Common 17-55] 'set_property' expects at least one object. [C:/Users/rahee/Documents/CPE233/CPE233/CPE233.srcs/constrs_1/imports/templates/Basys3_Master.xdc:85]
Resolution: If [get_<value>] was used to populate the object, check to make sure this command returns at least one valid object.
WARNING: [Vivado 12-584] No ports matched 'sseg[2]'. [C:/Users/rahee/Documents/CPE233/CPE233/CPE233.srcs/constrs_1/imports/templates/Basys3_Master.xdc:86]
CRITICAL WARNING: [Common 17-55] 'set_property' expects at least one object. [C:/Users/rahee/Documents/CPE233/CPE233/CPE233.srcs/constrs_1/imports/templates/Basys3_Master.xdc:86]
Resolution: If [get_<value>] was used to populate the object, check to make sure this command returns at least one valid object.
WARNING: [Vivado 12-584] No ports matched 'sseg[2]'. [C:/Users/rahee/Documents/CPE233/CPE233/CPE233.srcs/constrs_1/imports/templates/Basys3_Master.xdc:87]
CRITICAL WARNING: [Common 17-55] 'set_property' expects at least one object. [C:/Users/rahee/Documents/CPE233/CPE233/CPE233.srcs/constrs_1/imports/templates/Basys3_Master.xdc:87]
Resolution: If [get_<value>] was used to populate the object, check to make sure this command returns at least one valid object.
WARNING: [Vivado 12-584] No ports matched 'sseg[3]'. [C:/Users/rahee/Documents/CPE233/CPE233/CPE233.srcs/constrs_1/imports/templates/Basys3_Master.xdc:88]
CRITICAL WARNING: [Common 17-55] 'set_property' expects at least one object. [C:/Users/rahee/Documents/CPE233/CPE233/CPE233.srcs/constrs_1/imports/templates/Basys3_Master.xdc:88]
Resolution: If [get_<value>] was used to populate the object, check to make sure this command returns at least one valid object.
WARNING: [Vivado 12-584] No ports matched 'sseg[3]'. [C:/Users/rahee/Documents/CPE233/CPE233/CPE233.srcs/constrs_1/imports/templates/Basys3_Master.xdc:89]
CRITICAL WARNING: [Common 17-55] 'set_property' expects at least one object. [C:/Users/rahee/Documents/CPE233/CPE233/CPE233.srcs/constrs_1/imports/templates/Basys3_Master.xdc:89]
Resolution: If [get_<value>] was used to populate the object, check to make sure this command returns at least one valid object.
WARNING: [Vivado 12-584] No ports matched 'sseg[4]'. [C:/Users/rahee/Documents/CPE233/CPE233/CPE233.srcs/constrs_1/imports/templates/Basys3_Master.xdc:90]
CRITICAL WARNING: [Common 17-55] 'set_property' expects at least one object. [C:/Users/rahee/Documents/CPE233/CPE233/CPE233.srcs/constrs_1/imports/templates/Basys3_Master.xdc:90]
Resolution: If [get_<value>] was used to populate the object, check to make sure this command returns at least one valid object.
WARNING: [Vivado 12-584] No ports matched 'sseg[4]'. [C:/Users/rahee/Documents/CPE233/CPE233/CPE233.srcs/constrs_1/imports/templates/Basys3_Master.xdc:91]
CRITICAL WARNING: [Common 17-55] 'set_property' expects at least one object. [C:/Users/rahee/Documents/CPE233/CPE233/CPE233.srcs/constrs_1/imports/templates/Basys3_Master.xdc:91]
Resolution: If [get_<value>] was used to populate the object, check to make sure this command returns at least one valid object.
WARNING: [Vivado 12-584] No ports matched 'sseg[5]'. [C:/Users/rahee/Documents/CPE233/CPE233/CPE233.srcs/constrs_1/imports/templates/Basys3_Master.xdc:92]
CRITICAL WARNING: [Common 17-55] 'set_property' expects at least one object. [C:/Users/rahee/Documents/CPE233/CPE233/CPE233.srcs/constrs_1/imports/templates/Basys3_Master.xdc:92]
Resolution: If [get_<value>] was used to populate the object, check to make sure this command returns at least one valid object.
WARNING: [Vivado 12-584] No ports matched 'sseg[5]'. [C:/Users/rahee/Documents/CPE233/CPE233/CPE233.srcs/constrs_1/imports/templates/Basys3_Master.xdc:93]
CRITICAL WARNING: [Common 17-55] 'set_property' expects at least one object. [C:/Users/rahee/Documents/CPE233/CPE233/CPE233.srcs/constrs_1/imports/templates/Basys3_Master.xdc:93]
Resolution: If [get_<value>] was used to populate the object, check to make sure this command returns at least one valid object.
WARNING: [Vivado 12-584] No ports matched 'sseg[6]'. [C:/Users/rahee/Documents/CPE233/CPE233/CPE233.srcs/constrs_1/imports/templates/Basys3_Master.xdc:94]
CRITICAL WARNING: [Common 17-55] 'set_property' expects at least one object. [C:/Users/rahee/Documents/CPE233/CPE233/CPE233.srcs/constrs_1/imports/templates/Basys3_Master.xdc:94]
Resolution: If [get_<value>] was used to populate the object, check to make sure this command returns at least one valid object.
WARNING: [Vivado 12-584] No ports matched 'sseg[6]'. [C:/Users/rahee/Documents/CPE233/CPE233/CPE233.srcs/constrs_1/imports/templates/Basys3_Master.xdc:95]
CRITICAL WARNING: [Common 17-55] 'set_property' expects at least one object. [C:/Users/rahee/Documents/CPE233/CPE233/CPE233.srcs/constrs_1/imports/templates/Basys3_Master.xdc:95]
Resolution: If [get_<value>] was used to populate the object, check to make sure this command returns at least one valid object.
WARNING: [Vivado 12-584] No ports matched 'dp'. [C:/Users/rahee/Documents/CPE233/CPE233/CPE233.srcs/constrs_1/imports/templates/Basys3_Master.xdc:97]
CRITICAL WARNING: [Common 17-55] 'set_property' expects at least one object. [C:/Users/rahee/Documents/CPE233/CPE233/CPE233.srcs/constrs_1/imports/templates/Basys3_Master.xdc:97]
Resolution: If [get_<value>] was used to populate the object, check to make sure this command returns at least one valid object.
WARNING: [Vivado 12-584] No ports matched 'dp'. [C:/Users/rahee/Documents/CPE233/CPE233/CPE233.srcs/constrs_1/imports/templates/Basys3_Master.xdc:98]
CRITICAL WARNING: [Common 17-55] 'set_property' expects at least one object. [C:/Users/rahee/Documents/CPE233/CPE233/CPE233.srcs/constrs_1/imports/templates/Basys3_Master.xdc:98]
Resolution: If [get_<value>] was used to populate the object, check to make sure this command returns at least one valid object.
WARNING: [Vivado 12-584] No ports matched 'ano[0]'. [C:/Users/rahee/Documents/CPE233/CPE233/CPE233.srcs/constrs_1/imports/templates/Basys3_Master.xdc:100]
CRITICAL WARNING: [Common 17-55] 'set_property' expects at least one object. [C:/Users/rahee/Documents/CPE233/CPE233/CPE233.srcs/constrs_1/imports/templates/Basys3_Master.xdc:100]
Resolution: If [get_<value>] was used to populate the object, check to make sure this command returns at least one valid object.
WARNING: [Vivado 12-584] No ports matched 'ano[0]'. [C:/Users/rahee/Documents/CPE233/CPE233/CPE233.srcs/constrs_1/imports/templates/Basys3_Master.xdc:101]
CRITICAL WARNING: [Common 17-55] 'set_property' expects at least one object. [C:/Users/rahee/Documents/CPE233/CPE233/CPE233.srcs/constrs_1/imports/templates/Basys3_Master.xdc:101]
Resolution: If [get_<value>] was used to populate the object, check to make sure this command returns at least one valid object.
WARNING: [Vivado 12-584] No ports matched 'ano[1]'. [C:/Users/rahee/Documents/CPE233/CPE233/CPE233.srcs/constrs_1/imports/templates/Basys3_Master.xdc:102]
CRITICAL WARNING: [Common 17-55] 'set_property' expects at least one object. [C:/Users/rahee/Documents/CPE233/CPE233/CPE233.srcs/constrs_1/imports/templates/Basys3_Master.xdc:102]
Resolution: If [get_<value>] was used to populate the object, check to make sure this command returns at least one valid object.
WARNING: [Vivado 12-584] No ports matched 'ano[1]'. [C:/Users/rahee/Documents/CPE233/CPE233/CPE233.srcs/constrs_1/imports/templates/Basys3_Master.xdc:103]
CRITICAL WARNING: [Common 17-55] 'set_property' expects at least one object. [C:/Users/rahee/Documents/CPE233/CPE233/CPE233.srcs/constrs_1/imports/templates/Basys3_Master.xdc:103]
Resolution: If [get_<value>] was used to populate the object, check to make sure this command returns at least one valid object.
WARNING: [Vivado 12-584] No ports matched 'ano[2]'. [C:/Users/rahee/Documents/CPE233/CPE233/CPE233.srcs/constrs_1/imports/templates/Basys3_Master.xdc:104]
CRITICAL WARNING: [Common 17-55] 'set_property' expects at least one object. [C:/Users/rahee/Documents/CPE233/CPE233/CPE233.srcs/constrs_1/imports/templates/Basys3_Master.xdc:104]
Resolution: If [get_<value>] was used to populate the object, check to make sure this command returns at least one valid object.
WARNING: [Vivado 12-584] No ports matched 'ano[2]'. [C:/Users/rahee/Documents/CPE233/CPE233/CPE233.srcs/constrs_1/imports/templates/Basys3_Master.xdc:105]
CRITICAL WARNING: [Common 17-55] 'set_property' expects at least one object. [C:/Users/rahee/Documents/CPE233/CPE233/CPE233.srcs/constrs_1/imports/templates/Basys3_Master.xdc:105]
Resolution: If [get_<value>] was used to populate the object, check to make sure this command returns at least one valid object.
WARNING: [Vivado 12-584] No ports matched 'ano[3]'. [C:/Users/rahee/Documents/CPE233/CPE233/CPE233.srcs/constrs_1/imports/templates/Basys3_Master.xdc:106]
CRITICAL WARNING: [Common 17-55] 'set_property' expects at least one object. [C:/Users/rahee/Documents/CPE233/CPE233/CPE233.srcs/constrs_1/imports/templates/Basys3_Master.xdc:106]
Resolution: If [get_<value>] was used to populate the object, check to make sure this command returns at least one valid object.
WARNING: [Vivado 12-584] No ports matched 'ano[3]'. [C:/Users/rahee/Documents/CPE233/CPE233/CPE233.srcs/constrs_1/imports/templates/Basys3_Master.xdc:107]
CRITICAL WARNING: [Common 17-55] 'set_property' expects at least one object. [C:/Users/rahee/Documents/CPE233/CPE233/CPE233.srcs/constrs_1/imports/templates/Basys3_Master.xdc:107]
Resolution: If [get_<value>] was used to populate the object, check to make sure this command returns at least one valid object.
Finished Parsing XDC File [C:/Users/rahee/Documents/CPE233/CPE233/CPE233.srcs/constrs_1/imports/templates/Basys3_Master.xdc]
INFO: [Project 1-236] Implementation specific constraints were found while reading constraint file [C:/Users/rahee/Documents/CPE233/CPE233/CPE233.srcs/constrs_1/imports/templates/Basys3_Master.xdc]. These constraints will be ignored for synthesis but will be used in implementation. Impacted constraints are listed in the file [.Xil/exp1_propImpl.xdc].
Resolution: To avoid this warning, move constraints listed in [.Xil/exp1_propImpl.xdc] to another XDC file and exclude this new file from synthesis with the used_in_synthesis property (File Properties dialog in GUI) and re-run elaboration/synthesis.
Completed Processing XDC Constraints

Netlist sorting complete. Time (s): cpu = 00:00:00 ; elapsed = 00:00:00 . Memory (MB): peak = 1260.230 ; gain = 0.000
INFO: [Project 1-111] Unisim Transformation Summary:
No Unisim elements were transformed.

Constraint Validation Runtime : Time (s): cpu = 00:00:00 ; elapsed = 00:00:00.002 . Memory (MB): peak = 1260.230 ; gain = 0.000
WARNING: [Designutils 20-4072] Reference run did not run incremental synthesis because the design is too small; reverting to default synthesis
INFO: [Designutils 20-4379] Flow is switching to default flow due to incremental criteria not met. If you would like to alter this behaviour and have the flow terminate instead, please set the following parameter config_implementation {autoIncr.Synth.RejectBehavior Terminate}
---------------------------------------------------------------------------------
Finished Constraint Validation : Time (s): cpu = 00:00:11 ; elapsed = 00:00:11 . Memory (MB): peak = 1260.230 ; gain = 0.000
---------------------------------------------------------------------------------
---------------------------------------------------------------------------------
Start Loading Part and Timing Information
---------------------------------------------------------------------------------
Loading part: xc7a35tcpg236-1
---------------------------------------------------------------------------------
Finished Loading Part and Timing Information : Time (s): cpu = 00:00:11 ; elapsed = 00:00:11 . Memory (MB): peak = 1260.230 ; gain = 0.000
---------------------------------------------------------------------------------
---------------------------------------------------------------------------------
Start Applying 'set_property' XDC Constraints
---------------------------------------------------------------------------------
---------------------------------------------------------------------------------
Finished applying 'set_property' XDC Constraints : Time (s): cpu = 00:00:11 ; elapsed = 00:00:11 . Memory (MB): peak = 1260.230 ; gain = 0.000
---------------------------------------------------------------------------------
INFO: [Synth 8-802] inferred FSM for state register 'PS_reg' in module 'exp1'
---------------------------------------------------------------------------------------------------
                   State |                     New Encoding |                Previous Encoding 
---------------------------------------------------------------------------------------------------
                    st_A |                                0 |                               00
                    st_B |                                1 |                               01
---------------------------------------------------------------------------------------------------
INFO: [Synth 8-3354] encoded FSM with state register 'PS_reg' using encoding 'sequential' in module 'exp1'
WARNING: [Synth 8-327] inferring latch for variable 'count_reg' [C:/Users/rahee/Documents/CPE233/CPE233/CPE233.srcs/sources_1/imports/templates/exp1.v:56]
---------------------------------------------------------------------------------
Finished RTL Optimization Phase 2 : Time (s): cpu = 00:00:11 ; elapsed = 00:00:12 . Memory (MB): peak = 1260.230 ; gain = 0.000
---------------------------------------------------------------------------------
---------------------------------------------------------------------------------
Start RTL Component Statistics 
---------------------------------------------------------------------------------
Detailed RTL Component Info : 
+---Adders : 
	   2 Input   14 Bit       Adders := 18    
	   2 Input    4 Bit       Adders := 14    
	   2 Input    2 Bit       Adders := 1     
+---Registers : 
	                2 Bit    Registers := 1     
+---Muxes : 
	   4 Input   14 Bit        Muxes := 1     
	   2 Input    8 Bit        Muxes := 2     
	   8 Input    4 Bit        Muxes := 1     
	   4 Input    4 Bit        Muxes := 5     
	   2 Input    1 Bit        Muxes := 5     
---------------------------------------------------------------------------------
Finished RTL Component Statistics 
---------------------------------------------------------------------------------
---------------------------------------------------------------------------------
Start Part Resource Summary
---------------------------------------------------------------------------------
Part Resources:
DSPs: 90 (col length:60)
BRAMs: 100 (col length: RAMB18 60 RAMB36 30)
---------------------------------------------------------------------------------
Finished Part Resource Summary
---------------------------------------------------------------------------------
---------------------------------------------------------------------------------
Start Cross Boundary and Area Optimization
---------------------------------------------------------------------------------
WARNING: [Synth 8-7080] Parallel synthesis criteria is not met
WARNING: [Synth 8-3332] Sequential element (count_reg[7]) is unused and will be removed from module exp1.
WARNING: [Synth 8-3332] Sequential element (count_reg[6]) is unused and will be removed from module exp1.
WARNING: [Synth 8-3332] Sequential element (count_reg[5]) is unused and will be removed from module exp1.
WARNING: [Synth 8-3332] Sequential element (count_reg[4]) is unused and will be removed from module exp1.
WARNING: [Synth 8-3332] Sequential element (count_reg[3]) is unused and will be removed from module exp1.
WARNING: [Synth 8-3332] Sequential element (count_reg[2]) is unused and will be removed from module exp1.
WARNING: [Synth 8-3332] Sequential element (count_reg[1]) is unused and will be removed from module exp1.
WARNING: [Synth 8-3332] Sequential element (count_reg[0]) is unused and will be removed from module exp1.
---------------------------------------------------------------------------------
Finished Cross Boundary and Area Optimization : Time (s): cpu = 00:00:13 ; elapsed = 00:00:13 . Memory (MB): peak = 1260.230 ; gain = 0.000
---------------------------------------------------------------------------------
---------------------------------------------------------------------------------
Start Applying XDC Timing Constraints
---------------------------------------------------------------------------------
---------------------------------------------------------------------------------
Finished Applying XDC Timing Constraints : Time (s): cpu = 00:00:17 ; elapsed = 00:00:18 . Memory (MB): peak = 1260.230 ; gain = 0.000
---------------------------------------------------------------------------------
---------------------------------------------------------------------------------
Start Timing Optimization
---------------------------------------------------------------------------------
---------------------------------------------------------------------------------
Finished Timing Optimization : Time (s): cpu = 00:00:17 ; elapsed = 00:00:18 . Memory (MB): peak = 1260.230 ; gain = 0.000
---------------------------------------------------------------------------------
---------------------------------------------------------------------------------
Start Technology Mapping
---------------------------------------------------------------------------------
---------------------------------------------------------------------------------
Finished Technology Mapping : Time (s): cpu = 00:00:17 ; elapsed = 00:00:18 . Memory (MB): peak = 1260.230 ; gain = 0.000
---------------------------------------------------------------------------------
---------------------------------------------------------------------------------
Start IO Insertion
---------------------------------------------------------------------------------
---------------------------------------------------------------------------------
Start Flattening Before IO Insertion
---------------------------------------------------------------------------------
---------------------------------------------------------------------------------
Finished Flattening Before IO Insertion
---------------------------------------------------------------------------------
---------------------------------------------------------------------------------
Start Final Netlist Cleanup
---------------------------------------------------------------------------------
---------------------------------------------------------------------------------
Finished Final Netlist Cleanup
---------------------------------------------------------------------------------
---------------------------------------------------------------------------------
Finished IO Insertion : Time (s): cpu = 00:00:21 ; elapsed = 00:00:22 . Memory (MB): peak = 1260.230 ; gain = 0.000
---------------------------------------------------------------------------------
---------------------------------------------------------------------------------
Start Renaming Generated Instances
---------------------------------------------------------------------------------
---------------------------------------------------------------------------------
Finished Renaming Generated Instances : Time (s): cpu = 00:00:21 ; elapsed = 00:00:22 . Memory (MB): peak = 1260.230 ; gain = 0.000
---------------------------------------------------------------------------------
---------------------------------------------------------------------------------
Start Rebuilding User Hierarchy
---------------------------------------------------------------------------------
---------------------------------------------------------------------------------
Finished Rebuilding User Hierarchy : Time (s): cpu = 00:00:21 ; elapsed = 00:00:22 . Memory (MB): peak = 1260.230 ; gain = 0.000
---------------------------------------------------------------------------------
---------------------------------------------------------------------------------
Start Renaming Generated Ports
---------------------------------------------------------------------------------
---------------------------------------------------------------------------------
Finished Renaming Generated Ports : Time (s): cpu = 00:00:21 ; elapsed = 00:00:22 . Memory (MB): peak = 1260.230 ; gain = 0.000
---------------------------------------------------------------------------------
---------------------------------------------------------------------------------
Start Handling Custom Attributes
---------------------------------------------------------------------------------
---------------------------------------------------------------------------------
Finished Handling Custom Attributes : Time (s): cpu = 00:00:21 ; elapsed = 00:00:22 . Memory (MB): peak = 1260.230 ; gain = 0.000
---------------------------------------------------------------------------------
---------------------------------------------------------------------------------
Start Renaming Generated Nets
---------------------------------------------------------------------------------
---------------------------------------------------------------------------------
Finished Renaming Generated Nets : Time (s): cpu = 00:00:21 ; elapsed = 00:00:22 . Memory (MB): peak = 1260.230 ; gain = 0.000
---------------------------------------------------------------------------------
---------------------------------------------------------------------------------
Start Writing Synthesis Report
---------------------------------------------------------------------------------

Report BlackBoxes: 
+-+--------------+----------+
| |BlackBox name |Instances |
+-+--------------+----------+
+-+--------------+----------+

Report Cell Usage: 
+------+-----+------+
|      |Cell |Count |
+------+-----+------+
|1     |BUFG |     1|
|2     |LUT1 |     2|
|3     |LUT2 |     2|
|4     |FDCE |     1|
|5     |IBUF |     3|
|6     |OBUF |     2|
+------+-----+------+
---------------------------------------------------------------------------------
Finished Writing Synthesis Report : Time (s): cpu = 00:00:21 ; elapsed = 00:00:22 . Memory (MB): peak = 1260.230 ; gain = 0.000
---------------------------------------------------------------------------------
Synthesis finished with 0 errors, 0 critical warnings and 10 warnings.
Synthesis Optimization Runtime : Time (s): cpu = 00:00:14 ; elapsed = 00:00:21 . Memory (MB): peak = 1260.230 ; gain = 0.000
Synthesis Optimization Complete : Time (s): cpu = 00:00:21 ; elapsed = 00:00:22 . Memory (MB): peak = 1260.230 ; gain = 0.000
INFO: [Project 1-571] Translating synthesized netlist
Netlist sorting complete. Time (s): cpu = 00:00:00 ; elapsed = 00:00:00 . Memory (MB): peak = 1260.230 ; gain = 0.000
INFO: [Project 1-570] Preparing netlist for logic optimization
INFO: [Opt 31-138] Pushed 0 inverter(s) to 0 load pin(s).
Netlist sorting complete. Time (s): cpu = 00:00:00 ; elapsed = 00:00:00 . Memory (MB): peak = 1260.230 ; gain = 0.000
INFO: [Project 1-111] Unisim Transformation Summary:
No Unisim elements were transformed.

Synth Design complete, checksum: 9223e115
INFO: [Common 17-83] Releasing license: Synthesis
36 Infos, 37 Warnings, 24 Critical Warnings and 0 Errors encountered.
synth_design completed successfully
synth_design: Time (s): cpu = 00:00:25 ; elapsed = 00:00:26 . Memory (MB): peak = 1260.230 ; gain = 0.000
INFO: [runtcl-6] Synthesis results are not added to the cache due to CRITICAL_WARNING
INFO: [Common 17-1381] The checkpoint 'C:/Users/rahee/Documents/CPE233/CPE233/CPE233.runs/synth_1/exp1.dcp' has been generated.
INFO: [runtcl-4] Executing : report_utilization -file exp1_utilization_synth.rpt -pb exp1_utilization_synth.pb
INFO: [Common 17-206] Exiting Vivado at Mon Sep 19 23:55:11 2022...
